2024-11-22 23:03:10 - [INFO] - Iniciando el bot
2024-11-22 23:03:10 - [INFO] - Comprobando configuraciones
2024-11-22 23:03:10 - [INFO] - DOWNLOAD_PATH_OK
2024-11-22 23:03:10 - [INFO] - USERDATA_PATH_OK
2024-11-22 23:03:10 - [INFO] - HASHTAGS_OK
2024-11-22 23:03:10 - [INFO] - MESSAGES_IGNORED_OK
2024-11-22 23:03:10 - [INFO] - WEBDRIVER_OK
2024-11-22 23:03:10 - [INFO] - IMAGE_UPLOAD_WAIT_TIME_OK
2024-11-22 23:03:10 - [INFO] - ITEM_UPLOAD_WAIT_TIME_OK
2024-11-22 23:03:10 - [INFO] - CLEANUP_WAIT_TIME_OK
2024-11-22 23:03:10 - [INFO] - CLEANUP_BOOLEAN_OK
2024-11-22 23:03:10 - [INFO] - KILL_CHROME_BOOLEAN_OK
2024-11-22 23:38:12 - [INFO] - Iniciando el bot
2024-11-22 23:38:12 - [INFO] - Comprobando configuraciones
2024-11-22 23:38:12 - [INFO] - DOWNLOAD_PATH_OK
2024-11-22 23:38:12 - [INFO] - USERDATA_PATH_OK
2024-11-22 23:38:12 - [INFO] - HASHTAGS_OK
2024-11-22 23:38:12 - [INFO] - MESSAGES_IGNORED_OK
2024-11-22 23:38:12 - [INFO] - WEBDRIVER_OK
2024-11-22 23:38:12 - [INFO] - IMAGE_UPLOAD_WAIT_TIME_OK
2024-11-22 23:38:12 - [INFO] - ITEM_UPLOAD_WAIT_TIME_OK
2024-11-22 23:38:12 - [INFO] - CLEANUP_WAIT_TIME_OK
2024-11-22 23:38:12 - [INFO] - CLEANUP_BOOLEAN_OK
2024-11-22 23:38:12 - [INFO] - KILL_CHROME_BOOLEAN_OK
2024-11-22 23:54:07 - [INFO] - Iniciando el bot
2024-11-22 23:54:07 - [INFO] - Comprobando configuraciones
2024-11-22 23:54:07 - [INFO] - DOWNLOAD_PATH_OK
2024-11-22 23:54:07 - [INFO] - USERDATA_PATH_OK
2024-11-22 23:54:07 - [INFO] - HASHTAGS_OK
2024-11-22 23:54:07 - [INFO] - MESSAGES_IGNORED_OK
2024-11-22 23:54:07 - [INFO] - WEBDRIVER_OK
2024-11-22 23:54:07 - [INFO] - IMAGE_UPLOAD_WAIT_TIME_OK
2024-11-22 23:54:07 - [INFO] - ITEM_UPLOAD_WAIT_TIME_OK
2024-11-22 23:54:07 - [INFO] - CLEANUP_WAIT_TIME_OK
2024-11-22 23:54:07 - [INFO] - CLEANUP_BOOLEAN_OK
2024-11-22 23:54:07 - [INFO] - KILL_CHROME_BOOLEAN_OK
2024-11-22 23:57:38 - [INFO] - Iniciando el bot
2024-11-22 23:57:38 - [INFO] - Comprobando configuraciones
2024-11-22 23:57:38 - [INFO] - DOWNLOAD_PATH_OK
2024-11-22 23:57:38 - [INFO] - USERDATA_PATH_OK
2024-11-22 23:57:38 - [INFO] - HASHTAGS_OK
2024-11-22 23:57:38 - [INFO] - MESSAGES_IGNORED_OK
2024-11-22 23:57:38 - [INFO] - WEBDRIVER_OK
2024-11-22 23:57:38 - [INFO] - IMAGE_UPLOAD_WAIT_TIME_OK
2024-11-22 23:57:38 - [INFO] - ITEM_UPLOAD_WAIT_TIME_OK
2024-11-22 23:57:38 - [INFO] - CLEANUP_WAIT_TIME_OK
2024-11-22 23:57:38 - [INFO] - CLEANUP_BOOLEAN_OK
2024-11-22 23:57:38 - [INFO] - KILL_CHROME_BOOLEAN_OK
2024-11-22 23:59:55 - [INFO] - Iniciando el bot
2024-11-22 23:59:55 - [INFO] - Comprobando configuraciones
2024-11-22 23:59:55 - [INFO] - DOWNLOAD_PATH_OK
2024-11-22 23:59:55 - [INFO] - USERDATA_PATH_OK
2024-11-22 23:59:55 - [INFO] - HASHTAGS_OK
2024-11-22 23:59:55 - [INFO] - MESSAGES_IGNORED_OK
2024-11-22 23:59:55 - [INFO] - WEBDRIVER_OK
2024-11-22 23:59:55 - [INFO] - IMAGE_UPLOAD_WAIT_TIME_OK
2024-11-22 23:59:55 - [INFO] - ITEM_UPLOAD_WAIT_TIME_OK
2024-11-22 23:59:55 - [INFO] - CLEANUP_WAIT_TIME_OK
2024-11-22 23:59:55 - [INFO] - CLEANUP_BOOLEAN_OK
2024-11-22 23:59:55 - [INFO] - KILL_CHROME_BOOLEAN_OK
